app/build/outputs/mapping/release/seeds.txt
com.example.covid19helper.helpseekermap: helpseekermap()
com.example.covid19helper.Authenticatedhelpersnumber
com.example.covid19helper.aboutapp: aboutapp()
com.example.covid19helper.govthelplinenumbers
com.example.covid19helper.Authenticatedhelpersnumber: Authenticatedhelpersnumber()
com.example.covid19helper.news: news()
com.example.covid19helper.helpseekerregistration
com.example.covid19helper.authenticatedhelpers
com.example.covid19helper.helpseekcity: helpseekcity()
com.example.covid19helper.registerpage
com.example.covid19helper.authenticatedhelpers: authenticatedhelpers()
com.example.covid19helper.MainActivity: MainActivity()
com.example.covid19helper.MainActivity
com.example.covid19helper.donate: donate()
com.example.covid19helper.news
com.example.covid19helper.govthelplinenumbers: govthelplinenumbers()
com.example.covid19helper.helper: helper()
com.example.covid19helper.aboutapp
com.example.covid19helper.helpseek
com.example.covid19helper.helpseekerregistration: helpseekerregistration()
com.example.covid19helper.helpseekermap
com.example.covid19helper.helper
com.example.covid19helper.helpseekafteractivity: helpseekafteractivity()
com.example.covid19helper.donate
com.example.covid19helper.helpseekcity
com.example.covid19helper.helpseek: helpseek()
com.example.covid19helper.helpseekafteractivity
...
com.google.android.gms.dynamite.DynamiteModule$DynamiteLoaderClassLoader: java.lang.ClassLoader sClassLoader
androidx.appcompat.widget.LinearLayoutCompat: void setDividerDrawable(android.graphics.drawable.Drawable)
androidx.appcompat.widget.AppCompatEditText: android.graphics.PorterDuff$Mode getSupportBackgroundTintMode()
androidx.core.R$styleable: int FontFamily_fontProviderQuery
com.google.android.gms.internal.measurement.zzbj$zzf: boolean zzf
androidx.constraintlayout.widget.R$styleable: int ConstraintLayout_Layout_layout_constraintBaseline_toBaselineOf
androidx.appcompat.R$styleable: int View_theme
com.google.android.material.R$styleable: int AppCompatTextView_drawableRightCompat
com.google.android.material.R$style: int Base_TextAppearance_AppCompat_Menu
com.google.android.material.R$styleable: int SwitchCompat_android_thumb
androidx.vectordrawable.graphics.drawable.VectorDrawableCompat$VFullPath: void setTrimPathOffset(float)
androidx.core.R$id: int accessibility_custom_action_22
androidx.appcompat.widget.AppCompatSpinner: android.graphics.drawable.Drawable getPopupBackground()
androidx.appcompat.R$layout: int abc_action_mode_bar
androidx.appcompat.R$attr: int numericModifiers
com.google.android.gms.common.api.Status: android.os.Parcelable$Creator CREATOR
com.google.android.material.R$drawable: int abc_ic_voice_search_api_material
androidx.appcompat.R$dimen: int abc_text_size_title_material_toolbar
com.google.android.material.R$style: int Base_Theme_AppCompat_CompactMenu
androidx.appcompat.R$color: int abc_btn_colored_borderless_text_material
androidx.appcompat.R$styleable: int AppCompatTextHelper_android_textAppearance
androidx.coordinatorlayout.R$styleable: int[] GradientColor
com.google.android.material.R$drawable: int abc_ic_star_black_36dp
androidx.appcompat.widget.Toolbar: android.graphics.drawable.Drawable getOverflowIcon()
androidx.recyclerview.R$dimen: int fastscroll_margin
androidx.appcompat.widget.DialogTitle: DialogTitle(android.content.Context,android.util.AttributeSet,int)
androidx.appcompat.R$style: int RtlOverlay_Widget_AppCompat_PopupMenuItem_Text
androidx.appcompat.R$style: int TextAppearance_AppCompat_Title_Inverse
androidx.recyclerview.widget.RecyclerView: void setOnFlingListener(androidx.recyclerview.widget.RecyclerView$OnFlingListener)
androidx.appcompat.R$attr: int collapseIcon
com.google.android.material.R$style: int RtlOverlay_Widget_AppCompat_SearchView_MagIcon
androidx.recyclerview.widget.RecyclerView: void setLayoutFrozen(boolean)
com.google.android.material.R$styleable: int AppCompatTheme_listChoiceIndicatorSingleAnimated
androidx.appcompat.widget.ActionBarContextView: void setSubtitle(java.lang.CharSequence)
com.google.android.material.R$styleable: int FontFamily_fontProviderCerts
com.google.android.material.R$styleable: int TextInputLayout_boxStrokeColor
androidx.appcompat.R$styleable: int[] Toolbar
com.google.android.gms.internal.measurement.zzbr$zzg: java.lang.String zzab
com.google.android.material.R$styleable: int CoordinatorLayout_Layout_layout_keyline
com.google.android.material.R$attr: int fontProviderCerts
com.google.android.gms.internal.measurement.zzbr$zzc
androidx.cardview.widget.CardView: void setUseCompatPadding(boolean)
com.google.android.material.R$integer: int bottom_sheet_slide_duration
com.google.android.material.R$styleable: int Toolbar_logo
com.google.android.gms.maps.R$styleable: int MapAttrs_ambientEnabled
androidx.appcompat.R$attr: int colorControlActivated
androidx.constraintlayout.widget.R$styleable: int ConstraintLayout_Layout_layout_constraintHeight_min
androidx.appcompat.R$drawable: int abc_ic_star_half_black_36dp
com.google.android.material.R$style: int Theme_AppCompat
com.google.android.material.R$styleable: int Chip_closeIcon
com.google.android.gms.measurement.internal.AppMeasurementDynamiteService: void onActivitySaveInstanceState(com.google.android.gms.dynamic.IObjectWrapper,com.google.android.gms.internal.measurement.zzn,long)