app/build/outputs/mapping/release/usage.txt
com.example.covid19helper.R$style
com.example.covid19helper.R$dimen
com.example.covid19helper.R$styleable
com.example.covid19helper.R$array
com.example.covid19helper.R$interpolator
com.example.covid19helper.R$string
com.example.covid19helper.R$color
com.example.covid19helper.R$integer
com.example.covid19helper.R$layout
com.example.covid19helper.R$drawable
com.example.covid19helper.R$animator
com.example.covid19helper.R$id
com.example.covid19helper.helperdataset:
    public void setProblem(java.lang.String)
    public void setAddress(java.lang.String)
    public void setPhone(java.lang.String)
com.example.covid19helper.R$attr
com.example.covid19helper.R$anim
com.example.covid19helper.BuildConfig
com.example.covid19helper.R$menu
com.example.covid19helper.helpseekcity:
    private void updateDetailsToFirebase(java.lang.String,java.lang.String,java.lang.String)
com.example.covid19helper.R
com.example.covid19helper.R$mipmap
com.example.covid19helper.R$bool
com.example.covid19helper.helperdatasetadapter$MyViewholder:
    public static synthetic android.widget.TextView access$000(com.example.covid19helper.helperdatasetadapter$MyViewholder)
    public static synthetic android.widget.TextView access$100(com.example.covid19helper.helperdatasetadapter$MyViewholder)
    public static synthetic android.widget.TextView access$200(com.example.covid19helper.helperdatasetadapter$MyViewholder)
com.example.covid19helper.donate:
    public static synthetic java.util.List access$000(com.example.covid19helper.donate)
    public static synthetic android.widget.ListView access$100(com.example.covid19helper.donate)
com.example.covid19helper.MainActivity:
    public final boolean connectionistrue()
    public java.lang.String state
com.example.covid19helper.helperdatasetadapter:
    public com.example.covid19helper.helperdatasetadapter$MyViewholder onCreateViewHolder(android.view.ViewGroup)
    public void onBindViewHolder(com.example.covid19helper.helperdatasetadapter$MyViewholder,int)
    public void onBindViewHolder(androidx.recyclerview.widget.RecyclerView$ViewHolder,int)
    public androidx.recyclerview.widget.RecyclerView$ViewHolder onCreateViewHolder(android.view.ViewGroup,int)
com.example.covid19helper.helper:
    public static synthetic java.util.List access$000(com.example.covid19helper.helper)
    public static synthetic androidx.recyclerview.widget.RecyclerView access$100(com.example.covid19helper.helper)
com.example.covid19helper.helpseekerregistration:
    public static synthetic java.lang.String access$000(com.example.covid19helper.helpseekerregistration)
com.example.covid19helper.govthelplinenumbers:
    public final void addwestbengalnaumber()
    public final void addUttrpradeshnaumber()
    public final void addUttrakhandnaumber()
    public final void addTripuranaumber()
    public final void addTelangananaumber()
    public final void addTamilNadunaumber()
    public final void addSikkimnaumber()
    public final void addRajasthannaumber()
    public final void addPunjabnaumber()
    public final void addOdishanaumber()
    public final void addNagalandnaumber()
    public final void addMizoramnumber()
    public final void addMeghalayanumber()
    public final void addManipurumber()
    public final void addMaharashtraumber()
    public final void addMadhyaPradeshnumber()
    public final void addkerlanumber()
    public final void addKarnatakanumber()
    public final void addJharkhandnumber()
    public final void addJammuandkashmirnumber()
    public final void addHimachalPradeshnumber()
    public final void addDelhinumber()
    public final void addHaryananumber()
    public final void addGujratnumber()
    public final void addGoanumber()
    public final void addChattisgarhnumber()
    public final void addAssamnumber()
    public final void addArunachlPradeshnumber()
    public final void addAndhrapradeshnumber()
    public final void addbiharnumber()
...
com.google.firebase.database.collection.ImmutableSortedMap:
    public abstract java.util.Iterator iteratorFrom(java.lang.Object)
    public abstract java.util.Iterator reverseIteratorFrom(java.lang.Object)
    public abstract java.lang.Object getSuccessorKey(java.lang.Object)
    public abstract int indexOf(java.lang.Object)
com.google.android.gms.internal.firebase_auth.zzig
com.google.android.gms.measurement.api.AppMeasurementSdk:
    public static com.google.android.gms.measurement.api.AppMeasurementSdk getInstance(android.content.Context)
    public static com.google.android.gms.measurement.api.AppMeasurementSdk getInstance(android.content.Context,java.lang.String,java.lang.String,java.lang.String,android.os.Bundle)
    public void setMeasurementEnabled(boolean)
    public void logEvent(java.lang.String,java.lang.String,android.os.Bundle)
    public void logEventNoInterceptor(java.lang.String,java.lang.String,android.os.Bundle,long)
    public void setUserProperty(java.lang.String,java.lang.String,java.lang.Object)
    public java.util.Map getUserProperties(java.lang.String,java.lang.String,boolean)
    public void setConditionalUserProperty(android.os.Bundle)
    public void clearConditionalUserProperty(java.lang.String,java.lang.String,android.os.Bundle)
    public java.util.List getConditionalUserProperties(java.lang.String,java.lang.String)
    public java.lang.String getCurrentScreenName()
    public java.lang.String getCurrentScreenClass()
    public java.lang.String getAppInstanceId()
    public java.lang.String getGmpAppId()
    public long generateEventId()
    public void beginAdUnitExposure(java.lang.String)
    public void endAdUnitExposure(java.lang.String)
    public void setEventInterceptor(com.google.android.gms.measurement.api.AppMeasurementSdk$EventInterceptor)
com.google.firebase.database.annotations.package-info
com.google.firebase.FirebaseOptions$Builder
com.google.android.gms.internal.maps.zzab
com.google.firebase.auth.api.internal.zzdx
androidx.core.telephony.mbms.MbmsHelper
com.google.firebase.storage.StorageTask$$Lambda$18
com.google.firebase.database.R$styleable
androidx.fragment.app.FragmentManagerImpl$FragmentLifecycleCallbacksHolder:
    void <init>(androidx.fragment.app.FragmentManager$FragmentLifecycleCallbacks,boolean)
com.google.android.material.internal.NavigationMenu
com.google.android.gms.common.api.internal.zaak
com.google.android.gms.maps.R
com.google.firebase.storage.internal.ActivityLifecycleListener$LifecycleEntry
com.google.android.gms.common.api.Api$SimpleClient:
    public abstract android.content.Context getContext()
androidx.appcompat.R$interpolator
com.google.android.gms.internal.firebase_auth.zzt
com.google.android.gms.internal.firebase_auth.zzdh:
    public final java.lang.String zza()
com.google.android.gms.internal.firebase_auth.zzp$zzq$zza
com.google.android.material.snackbar.Snackbar$Duration
com.google.android.gms.common.api.BatchResultToken
androidx.annotation.NonNull
androidx.drawerlayout.R$color
androidx.core.R$string
com.google.android.gms.maps.internal.zzx
com.google.android.material.bottomnavigation.BottomNavigationPresenter$SavedState$1
androidx.arch.core.executor.DefaultTaskExecutor$1:
    private static final java.lang.String THREAD_NAME_STEM
com.google.android.gms.common.server.response.FastJsonResponse
com.google.android.gms.internal.base.zag
com.google.android.gms.common.server.response.zae
androidx.core.text.TextDirectionHeuristicsCompat$TextDirectionHeuristicImpl
androidx.core.text.util.LinkifyCompat
androidx.lifecycle.livedata.core.R
androidx.documentfile.provider.DocumentFile
com.google.android.gms.internal.firebase_auth.zzja
com.google.firebase.components.ComponentDiscovery:
    private static final java.lang.String TAG
    private static final java.lang.String COMPONENT_SENTINEL_VALUE
    private static final java.lang.String COMPONENT_KEY_PREFIX
androidx.savedstate.Recreator$SavedStateProvider